06-Mar-2020 16:07:37.108 정보 [main] org.apache.catalina.startup.VersionLoggerListener.log 서버 버전 이름:        Apache Tomcat/9.0.31
06-Mar-2020 16:07:37.127 정보 [main] org.apache.catalina.startup.VersionLoggerListener.log Server 빌드 시각:          Feb 5 2020 19:32:12 UTC
06-Mar-2020 16:07:37.127 정보 [main] org.apache.catalina.startup.VersionLoggerListener.log Server 버전 번호:         9.0.31.0
06-Mar-2020 16:07:37.127 정보 [main] org.apache.catalina.startup.VersionLoggerListener.log 운영체제 이름:               Windows 10
06-Mar-2020 16:07:37.128 정보 [main] org.apache.catalina.startup.VersionLoggerListener.log 운영체제 버전:            10.0
06-Mar-2020 16:07:37.128 정보 [main] org.apache.catalina.startup.VersionLoggerListener.log 아키텍처:          amd64
06-Mar-2020 16:07:37.129 정보 [main] org.apache.catalina.startup.VersionLoggerListener.log 자바 홈:             C:\Program Files\Java\jdk1.8.0_241\jre
06-Mar-2020 16:07:37.129 정보 [main] org.apache.catalina.startup.VersionLoggerListener.log JVM 버전:           1.8.0_241-b07
06-Mar-2020 16:07:37.129 정보 [main] org.apache.catalina.startup.VersionLoggerListener.log JVM 벤더:            Oracle Corporation
06-Mar-2020 16:07:37.129 정보 [main] org.apache.catalina.startup.VersionLoggerListener.log CATALINA_BASE:         C:\Program Files\apache-tomcat-9.0.31
06-Mar-2020 16:07:37.130 정보 [main] org.apache.catalina.startup.VersionLoggerListener.log CATALINA_HOME:         C:\Program Files\apache-tomcat-9.0.31
06-Mar-2020 16:07:37.142 정보 [main] org.apache.catalina.startup.VersionLoggerListener.log 명령 행 아규먼트: -Djava.util.logging.config.file=C:\Program Files\apache-tomcat-9.0.31\conf\logging.properties
06-Mar-2020 16:07:37.143 정보 [main] org.apache.catalina.startup.VersionLoggerListener.log 명령 행 아규먼트: -Djava.util.logging.manager=org.apache.juli.ClassLoaderLogManager
06-Mar-2020 16:07:37.144 정보 [main] org.apache.catalina.startup.VersionLoggerListener.log 명령 행 아규먼트: -Djdk.tls.ephemeralDHKeySize=2048
06-Mar-2020 16:07:37.146 정보 [main] org.apache.catalina.startup.VersionLoggerListener.log 명령 행 아규먼트: -Djava.protocol.handler.pkgs=org.apache.catalina.webresources
06-Mar-2020 16:07:37.149 정보 [main] org.apache.catalina.startup.VersionLoggerListener.log 명령 행 아규먼트: -Dignore.endorsed.dirs=
06-Mar-2020 16:07:37.153 정보 [main] org.apache.catalina.startup.VersionLoggerListener.log 명령 행 아규먼트: -Dcatalina.base=C:\Program Files\apache-tomcat-9.0.31
06-Mar-2020 16:07:37.155 정보 [main] org.apache.catalina.startup.VersionLoggerListener.log 명령 행 아규먼트: -Dcatalina.home=C:\Program Files\apache-tomcat-9.0.31
06-Mar-2020 16:07:37.156 정보 [main] org.apache.catalina.startup.VersionLoggerListener.log 명령 행 아규먼트: -Djava.io.tmpdir=C:\Program Files\apache-tomcat-9.0.31\temp
06-Mar-2020 16:07:37.157 정보 [main] org.apache.catalina.core.AprLifecycleListener.lifecycleEvent APR 버전 [1.7.0]을(를) 사용한, APR 기반 Apache Tomcat Native 라이브러리 [1.2.23]을(를) 로드했습니다.
06-Mar-2020 16:07:37.161 정보 [main] org.apache.catalina.core.AprLifecycleListener.lifecycleEvent APR 용량정보들: IPv6 [true], sendfile [true], accept filters [false], random [true].
06-Mar-2020 16:07:37.162 정보 [main] org.apache.catalina.core.AprLifecycleListener.lifecycleEvent APR/OpenSSL 설정: useAprConnector [false], useOpenSSL [true]
06-Mar-2020 16:07:37.169 정보 [main] org.apache.catalina.core.AprLifecycleListener.initializeSSL OpenSSL이 성공적으로 초기화되었습니다: [OpenSSL 1.1.1c  28 May 2019]
06-Mar-2020 16:07:37.645 정보 [main] org.apache.coyote.AbstractProtocol.init 프로토콜 핸들러 ["http-nio-8080"]을(를) 초기화합니다.
06-Mar-2020 16:07:38.096 정보 [main] org.apache.catalina.startup.Catalina.load [1,206] 밀리초 내에 서버가 초기화되었습니다.
06-Mar-2020 16:07:38.131 정보 [main] org.apache.catalina.core.StandardService.startInternal 서비스 [Catalina]을(를) 시작합니다.
06-Mar-2020 16:07:38.134 정보 [main] org.apache.catalina.core.StandardEngine.startInternal 서버 엔진을 시작합니다: [Apache Tomcat/9.0.31]
06-Mar-2020 16:07:38.144 정보 [main] org.apache.catalina.startup.HostConfig.deployDirectory 웹 애플리케이션 디렉토리 [C:\Program Files\apache-tomcat-9.0.31\webapps\docs]을(를) 배치합니다.
06-Mar-2020 16:07:38.370 정보 [main] org.apache.catalina.startup.HostConfig.deployDirectory 웹 애플리케이션 디렉토리 [C:\Program Files\apache-tomcat-9.0.31\webapps\docs]에 대한 배치가 [225] 밀리초에 완료되었습니다.
06-Mar-2020 16:07:38.372 정보 [main] org.apache.catalina.startup.HostConfig.deployDirectory 웹 애플리케이션 디렉토리 [C:\Program Files\apache-tomcat-9.0.31\webapps\examples]을(를) 배치합니다.
06-Mar-2020 16:07:39.358 정보 [main] org.apache.catalina.startup.HostConfig.deployDirectory 웹 애플리케이션 디렉토리 [C:\Program Files\apache-tomcat-9.0.31\webapps\examples]에 대한 배치가 [986] 밀리초에 완료되었습니다.
06-Mar-2020 16:07:39.360 정보 [main] org.apache.catalina.startup.HostConfig.deployDirectory 웹 애플리케이션 디렉토리 [C:\Program Files\apache-tomcat-9.0.31\webapps\host-manager]을(를) 배치합니다.
06-Mar-2020 16:07:39.398 정보 [main] org.apache.catalina.startup.HostConfig.deployDirectory 웹 애플리케이션 디렉토리 [C:\Program Files\apache-tomcat-9.0.31\webapps\host-manager]에 대한 배치가 [38] 밀리초에 완료되었습니다.
06-Mar-2020 16:07:39.401 정보 [main] org.apache.catalina.startup.HostConfig.deployDirectory 웹 애플리케이션 디렉토리 [C:\Program Files\apache-tomcat-9.0.31\webapps\manager]을(를) 배치합니다.
06-Mar-2020 16:07:39.437 정보 [main] org.apache.catalina.startup.HostConfig.deployDirectory 웹 애플리케이션 디렉토리 [C:\Program Files\apache-tomcat-9.0.31\webapps\manager]에 대한 배치가 [36] 밀리초에 완료되었습니다.
06-Mar-2020 16:07:39.439 정보 [main] org.apache.catalina.startup.HostConfig.deployDirectory 웹 애플리케이션 디렉토리 [C:\Program Files\apache-tomcat-9.0.31\webapps\ROOT]을(를) 배치합니다.
06-Mar-2020 16:07:39.470 정보 [main] org.apache.catalina.startup.HostConfig.deployDirectory 웹 애플리케이션 디렉토리 [C:\Program Files\apache-tomcat-9.0.31\webapps\ROOT]에 대한 배치가 [30] 밀리초에 완료되었습니다.
06-Mar-2020 16:07:39.475 정보 [main] org.apache.coyote.AbstractProtocol.start 프로토콜 핸들러 ["http-nio-8080"]을(를) 시작합니다.
06-Mar-2020 16:07:39.488 정보 [main] org.apache.catalina.startup.Catalina.start 서버가 [1,386] 밀리초 내에 시작되었습니다.
06-Mar-2020 17:39:45.171 정보 [main] org.apache.catalina.startup.VersionLoggerListener.log 서버 버전 이름:        Apache Tomcat/9.0.31
06-Mar-2020 17:39:45.174 정보 [main] org.apache.catalina.startup.VersionLoggerListener.log Server 빌드 시각:          Feb 5 2020 19:32:12 UTC
06-Mar-2020 17:39:45.174 정보 [main] org.apache.catalina.startup.VersionLoggerListener.log Server 버전 번호:         9.0.31.0
06-Mar-2020 17:39:45.175 정보 [main] org.apache.catalina.startup.VersionLoggerListener.log 운영체제 이름:               Windows 10
06-Mar-2020 17:39:45.175 정보 [main] org.apache.catalina.startup.VersionLoggerListener.log 운영체제 버전:            10.0
06-Mar-2020 17:39:45.175 정보 [main] org.apache.catalina.startup.VersionLoggerListener.log 아키텍처:          amd64
06-Mar-2020 17:39:45.175 정보 [main] org.apache.catalina.startup.VersionLoggerListener.log 자바 홈:             C:\Program Files\Java\jdk1.8.0_241\jre
06-Mar-2020 17:39:45.176 정보 [main] org.apache.catalina.startup.VersionLoggerListener.log JVM 버전:           1.8.0_241-b07
06-Mar-2020 17:39:45.176 정보 [main] org.apache.catalina.startup.VersionLoggerListener.log JVM 벤더:            Oracle Corporation
06-Mar-2020 17:39:45.176 정보 [main] org.apache.catalina.startup.VersionLoggerListener.log CATALINA_BASE:         C:\Program Files\apache-tomcat-9.0.31
06-Mar-2020 17:39:45.177 정보 [main] org.apache.catalina.startup.VersionLoggerListener.log CATALINA_HOME:         C:\Program Files\apache-tomcat-9.0.31
06-Mar-2020 17:39:45.177 정보 [main] org.apache.catalina.startup.VersionLoggerListener.log 명령 행 아규먼트: -Djava.util.logging.config.file=C:\Program Files\apache-tomcat-9.0.31\conf\logging.properties
06-Mar-2020 17:39:45.178 정보 [main] org.apache.catalina.startup.VersionLoggerListener.log 명령 행 아규먼트: -Djava.util.logging.manager=org.apache.juli.ClassLoaderLogManager
06-Mar-2020 17:39:45.178 정보 [main] org.apache.catalina.startup.VersionLoggerListener.log 명령 행 아규먼트: -Djdk.tls.ephemeralDHKeySize=2048
06-Mar-2020 17:39:45.179 정보 [main] org.apache.catalina.startup.VersionLoggerListener.log 명령 행 아규먼트: -Djava.protocol.handler.pkgs=org.apache.catalina.webresources
06-Mar-2020 17:39:45.179 정보 [main] org.apache.catalina.startup.VersionLoggerListener.log 명령 행 아규먼트: -Dignore.endorsed.dirs=
06-Mar-2020 17:39:45.179 정보 [main] org.apache.catalina.startup.VersionLoggerListener.log 명령 행 아규먼트: -Dcatalina.base=C:\Program Files\apache-tomcat-9.0.31
06-Mar-2020 17:39:45.181 정보 [main] org.apache.catalina.startup.VersionLoggerListener.log 명령 행 아규먼트: -Dcatalina.home=C:\Program Files\apache-tomcat-9.0.31
06-Mar-2020 17:39:45.182 정보 [main] org.apache.catalina.startup.VersionLoggerListener.log 명령 행 아규먼트: -Djava.io.tmpdir=C:\Program Files\apache-tomcat-9.0.31\temp
06-Mar-2020 17:39:45.183 정보 [main] org.apache.catalina.core.AprLifecycleListener.lifecycleEvent APR 버전 [1.7.0]을(를) 사용한, APR 기반 Apache Tomcat Native 라이브러리 [1.2.23]을(를) 로드했습니다.
06-Mar-2020 17:39:45.186 정보 [main] org.apache.catalina.core.AprLifecycleListener.lifecycleEvent APR 용량정보들: IPv6 [true], sendfile [true], accept filters [false], random [true].
06-Mar-2020 17:39:45.186 정보 [main] org.apache.catalina.core.AprLifecycleListener.lifecycleEvent APR/OpenSSL 설정: useAprConnector [false], useOpenSSL [true]
06-Mar-2020 17:39:45.193 정보 [main] org.apache.catalina.core.AprLifecycleListener.initializeSSL OpenSSL이 성공적으로 초기화되었습니다: [OpenSSL 1.1.1c  28 May 2019]
06-Mar-2020 17:39:45.433 정보 [main] org.apache.coyote.AbstractProtocol.init 프로토콜 핸들러 ["http-nio-8080"]을(를) 초기화합니다.
06-Mar-2020 17:39:45.833 정보 [main] org.apache.catalina.startup.Catalina.load [812] 밀리초 내에 서버가 초기화되었습니다.
06-Mar-2020 17:39:45.857 정보 [main] org.apache.catalina.core.StandardService.startInternal 서비스 [Catalina]을(를) 시작합니다.
06-Mar-2020 17:39:45.857 정보 [main] org.apache.catalina.core.StandardEngine.startInternal 서버 엔진을 시작합니다: [Apache Tomcat/9.0.31]
06-Mar-2020 17:39:45.864 정보 [main] org.apache.catalina.startup.HostConfig.deployDirectory 웹 애플리케이션 디렉토리 [C:\Program Files\apache-tomcat-9.0.31\webapps\docs]을(를) 배치합니다.
06-Mar-2020 17:39:46.039 정보 [main] org.apache.catalina.startup.HostConfig.deployDirectory 웹 애플리케이션 디렉토리 [C:\Program Files\apache-tomcat-9.0.31\webapps\docs]에 대한 배치가 [175] 밀리초에 완료되었습니다.
06-Mar-2020 17:39:46.040 정보 [main] org.apache.catalina.startup.HostConfig.deployDirectory 웹 애플리케이션 디렉토리 [C:\Program Files\apache-tomcat-9.0.31\webapps\examples]을(를) 배치합니다.
06-Mar-2020 17:39:46.357 정보 [main] org.apache.catalina.startup.HostConfig.deployDirectory 웹 애플리케이션 디렉토리 [C:\Program Files\apache-tomcat-9.0.31\webapps\examples]에 대한 배치가 [317] 밀리초에 완료되었습니다.
06-Mar-2020 17:39:46.358 정보 [main] org.apache.catalina.startup.HostConfig.deployDirectory 웹 애플리케이션 디렉토리 [C:\Program Files\apache-tomcat-9.0.31\webapps\host-manager]을(를) 배치합니다.
06-Mar-2020 17:39:46.386 정보 [main] org.apache.catalina.startup.HostConfig.deployDirectory 웹 애플리케이션 디렉토리 [C:\Program Files\apache-tomcat-9.0.31\webapps\host-manager]에 대한 배치가 [28] 밀리초에 완료되었습니다.
06-Mar-2020 17:39:46.386 정보 [main] org.apache.catalina.startup.HostConfig.deployDirectory 웹 애플리케이션 디렉토리 [C:\Program Files\apache-tomcat-9.0.31\webapps\manager]을(를) 배치합니다.
06-Mar-2020 17:39:46.413 정보 [main] org.apache.catalina.startup.HostConfig.deployDirectory 웹 애플리케이션 디렉토리 [C:\Program Files\apache-tomcat-9.0.31\webapps\manager]에 대한 배치가 [27] 밀리초에 완료되었습니다.
06-Mar-2020 17:39:46.414 정보 [main] org.apache.catalina.startup.HostConfig.deployDirectory 웹 애플리케이션 디렉토리 [C:\Program Files\apache-tomcat-9.0.31\webapps\ROOT]을(를) 배치합니다.
06-Mar-2020 17:39:46.437 정보 [main] org.apache.catalina.startup.HostConfig.deployDirectory 웹 애플리케이션 디렉토리 [C:\Program Files\apache-tomcat-9.0.31\webapps\ROOT]에 대한 배치가 [23] 밀리초에 완료되었습니다.
06-Mar-2020 17:39:46.441 정보 [main] org.apache.coyote.AbstractProtocol.start 프로토콜 핸들러 ["http-nio-8080"]을(를) 시작합니다.
06-Mar-2020 17:39:46.452 정보 [main] org.apache.catalina.startup.Catalina.start 서버가 [617] 밀리초 내에 시작되었습니다.
06-Mar-2020 17:48:46.917 정보 [Catalina-utility-1] org.apache.catalina.users.MemoryUserDatabase.backgroundProcess 변경된 소스 [file:/C:/Program%20Files/apache-tomcat-9.0.31/conf/tomcat-users.xml](으)로부터 메모리 사용자 데이터베이스 [UserDatabase]을(를) 다시 로드합니다.
06-Mar-2020 17:53:50.399 정보 [Thread-4] org.apache.coyote.AbstractProtocol.pause 프로토콜 핸들러 ["http-nio-8080"]을(를) 일시 정지 중
06-Mar-2020 17:53:50.761 정보 [Thread-4] org.apache.catalina.core.StandardService.stopInternal 서비스 [Catalina]을(를) 중지시킵니다.
06-Mar-2020 17:53:50.777 정보 [Thread-4] org.apache.coyote.AbstractProtocol.stop 프로토콜 핸들러 ["http-nio-8080"]을(를) 중지시킵니다.
06-Mar-2020 17:53:50.779 정보 [Thread-4] org.apache.coyote.AbstractProtocol.destroy 프로토콜 핸들러 ["http-nio-8080"]을(를) 소멸시킵니다.
06-Mar-2020 17:53:55.018 정보 [main] org.apache.catalina.startup.VersionLoggerListener.log 서버 버전 이름:        Apache Tomcat/9.0.31
06-Mar-2020 17:53:55.021 정보 [main] org.apache.catalina.startup.VersionLoggerListener.log Server 빌드 시각:          Feb 5 2020 19:32:12 UTC
06-Mar-2020 17:53:55.022 정보 [main] org.apache.catalina.startup.VersionLoggerListener.log Server 버전 번호:         9.0.31.0
06-Mar-2020 17:53:55.022 정보 [main] org.apache.catalina.startup.VersionLoggerListener.log 운영체제 이름:               Windows 10
06-Mar-2020 17:53:55.023 정보 [main] org.apache.catalina.startup.VersionLoggerListener.log 운영체제 버전:            10.0
06-Mar-2020 17:53:55.023 정보 [main] org.apache.catalina.startup.VersionLoggerListener.log 아키텍처:          amd64
06-Mar-2020 17:53:55.023 정보 [main] org.apache.catalina.startup.VersionLoggerListener.log 자바 홈:             C:\Program Files\Java\jdk1.8.0_241\jre
06-Mar-2020 17:53:55.023 정보 [main] org.apache.catalina.startup.VersionLoggerListener.log JVM 버전:           1.8.0_241-b07
06-Mar-2020 17:53:55.024 정보 [main] org.apache.catalina.startup.VersionLoggerListener.log JVM 벤더:            Oracle Corporation
06-Mar-2020 17:53:55.024 정보 [main] org.apache.catalina.startup.VersionLoggerListener.log CATALINA_BASE:         C:\Program Files\apache-tomcat-9.0.31
06-Mar-2020 17:53:55.024 정보 [main] org.apache.catalina.startup.VersionLoggerListener.log CATALINA_HOME:         C:\Program Files\apache-tomcat-9.0.31
06-Mar-2020 17:53:55.025 정보 [main] org.apache.catalina.startup.VersionLoggerListener.log 명령 행 아규먼트: -Djava.util.logging.config.file=C:\Program Files\apache-tomcat-9.0.31\conf\logging.properties
06-Mar-2020 17:53:55.025 정보 [main] org.apache.catalina.startup.VersionLoggerListener.log 명령 행 아규먼트: -Djava.util.logging.manager=org.apache.juli.ClassLoaderLogManager
06-Mar-2020 17:53:55.026 정보 [main] org.apache.catalina.startup.VersionLoggerListener.log 명령 행 아규먼트: -Djdk.tls.ephemeralDHKeySize=2048
06-Mar-2020 17:53:55.026 정보 [main] org.apache.catalina.startup.VersionLoggerListener.log 명령 행 아규먼트: -Djava.protocol.handler.pkgs=org.apache.catalina.webresources
06-Mar-2020 17:53:55.026 정보 [main] org.apache.catalina.startup.VersionLoggerListener.log 명령 행 아규먼트: -Dignore.endorsed.dirs=
06-Mar-2020 17:53:55.026 정보 [main] org.apache.catalina.startup.VersionLoggerListener.log 명령 행 아규먼트: -Dcatalina.base=C:\Program Files\apache-tomcat-9.0.31
06-Mar-2020 17:53:55.028 정보 [main] org.apache.catalina.startup.VersionLoggerListener.log 명령 행 아규먼트: -Dcatalina.home=C:\Program Files\apache-tomcat-9.0.31
06-Mar-2020 17:53:55.029 정보 [main] org.apache.catalina.startup.VersionLoggerListener.log 명령 행 아규먼트: -Djava.io.tmpdir=C:\Program Files\apache-tomcat-9.0.31\temp
06-Mar-2020 17:53:55.029 정보 [main] org.apache.catalina.core.AprLifecycleListener.lifecycleEvent APR 버전 [1.7.0]을(를) 사용한, APR 기반 Apache Tomcat Native 라이브러리 [1.2.23]을(를) 로드했습니다.
06-Mar-2020 17:53:55.030 정보 [main] org.apache.catalina.core.AprLifecycleListener.lifecycleEvent APR 용량정보들: IPv6 [true], sendfile [true], accept filters [false], random [true].
06-Mar-2020 17:53:55.032 정보 [main] org.apache.catalina.core.AprLifecycleListener.lifecycleEvent APR/OpenSSL 설정: useAprConnector [false], useOpenSSL [true]
06-Mar-2020 17:53:55.037 정보 [main] org.apache.catalina.core.AprLifecycleListener.initializeSSL OpenSSL이 성공적으로 초기화되었습니다: [OpenSSL 1.1.1c  28 May 2019]
06-Mar-2020 17:53:55.240 정보 [main] org.apache.coyote.AbstractProtocol.init 프로토콜 핸들러 ["http-nio-8080"]을(를) 초기화합니다.
06-Mar-2020 17:53:55.654 정보 [main] org.apache.catalina.startup.Catalina.load [790] 밀리초 내에 서버가 초기화되었습니다.
06-Mar-2020 17:53:55.676 정보 [main] org.apache.catalina.core.StandardService.startInternal 서비스 [Catalina]을(를) 시작합니다.
06-Mar-2020 17:53:55.677 정보 [main] org.apache.catalina.core.StandardEngine.startInternal 서버 엔진을 시작합니다: [Apache Tomcat/9.0.31]
06-Mar-2020 17:53:55.685 정보 [main] org.apache.catalina.startup.HostConfig.deployDirectory 웹 애플리케이션 디렉토리 [C:\Program Files\apache-tomcat-9.0.31\webapps\docs]을(를) 배치합니다.
06-Mar-2020 17:53:55.876 정보 [main] org.apache.catalina.startup.HostConfig.deployDirectory 웹 애플리케이션 디렉토리 [C:\Program Files\apache-tomcat-9.0.31\webapps\docs]에 대한 배치가 [191] 밀리초에 완료되었습니다.
06-Mar-2020 17:53:55.876 정보 [main] org.apache.catalina.startup.HostConfig.deployDirectory 웹 애플리케이션 디렉토리 [C:\Program Files\apache-tomcat-9.0.31\webapps\examples]을(를) 배치합니다.
06-Mar-2020 17:53:56.168 정보 [main] org.apache.catalina.startup.HostConfig.deployDirectory 웹 애플리케이션 디렉토리 [C:\Program Files\apache-tomcat-9.0.31\webapps\examples]에 대한 배치가 [292] 밀리초에 완료되었습니다.
06-Mar-2020 17:53:56.168 정보 [main] org.apache.catalina.startup.HostConfig.deployDirectory 웹 애플리케이션 디렉토리 [C:\Program Files\apache-tomcat-9.0.31\webapps\host-manager]을(를) 배치합니다.
06-Mar-2020 17:53:56.199 정보 [main] org.apache.catalina.startup.HostConfig.deployDirectory 웹 애플리케이션 디렉토리 [C:\Program Files\apache-tomcat-9.0.31\webapps\host-manager]에 대한 배치가 [31] 밀리초에 완료되었습니다.
06-Mar-2020 17:53:56.199 정보 [main] org.apache.catalina.startup.HostConfig.deployDirectory 웹 애플리케이션 디렉토리 [C:\Program Files\apache-tomcat-9.0.31\webapps\manager]을(를) 배치합니다.
06-Mar-2020 17:53:56.222 정보 [main] org.apache.catalina.startup.HostConfig.deployDirectory 웹 애플리케이션 디렉토리 [C:\Program Files\apache-tomcat-9.0.31\webapps\manager]에 대한 배치가 [22] 밀리초에 완료되었습니다.
06-Mar-2020 17:53:56.222 정보 [main] org.apache.catalina.startup.HostConfig.deployDirectory 웹 애플리케이션 디렉토리 [C:\Program Files\apache-tomcat-9.0.31\webapps\ROOT]을(를) 배치합니다.
06-Mar-2020 17:53:56.240 정보 [main] org.apache.catalina.startup.HostConfig.deployDirectory 웹 애플리케이션 디렉토리 [C:\Program Files\apache-tomcat-9.0.31\webapps\ROOT]에 대한 배치가 [18] 밀리초에 완료되었습니다.
06-Mar-2020 17:53:56.244 정보 [main] org.apache.coyote.AbstractProtocol.start 프로토콜 핸들러 ["http-nio-8080"]을(를) 시작합니다.
06-Mar-2020 17:53:56.251 정보 [main] org.apache.catalina.startup.Catalina.start 서버가 [596] 밀리초 내에 시작되었습니다.
06-Mar-2020 18:02:44.957 정보 [http-nio-8080-exec-9] org.apache.catalina.startup.HostConfig.undeploy 컨텍스트 []의 배치를 제거합니다.
06-Mar-2020 18:03:22.771 정보 [http-nio-8080-exec-1] org.apache.catalina.startup.HostConfig.deployDescriptor 배치 descriptor [C:\Program Files\apache-tomcat-9.0.31\conf\Catalina\localhost\ROOT.xml]을(를) 배치합니다.
06-Mar-2020 18:03:22.774 경고 [http-nio-8080-exec-1] org.apache.catalina.startup.HostConfig.deployDescriptor 배치 descriptor [C:\Program Files\apache-tomcat-9.0.31\conf\Catalina\localhost\ROOT.xml] 내에서, [] 값을 가진 path 속성은 무시됩니다.
06-Mar-2020 18:03:22.780 경고 [http-nio-8080-exec-1] org.apache.catalina.startup.SetContextPropertiesRule.begin [SetContextPropertiesRule]{Context} Setting property 'debug' to '0' did not find a matching property.
06-Mar-2020 18:03:22.800 정보 [http-nio-8080-exec-1] org.apache.catalina.startup.HostConfig.deployDescriptor 배치 descriptor [C:\Program Files\apache-tomcat-9.0.31\conf\Catalina\localhost\ROOT.xml]의 배치가 [29] 밀리초 내에 완료되었습니다.
